a:\github\at-task3\dxtk\x64\debug\dxtk.pch
a:\github\at-task3\dxtk\x64\debug\vc141.pdb
a:\github\at-task3\dxtk\x64\debug\vc141.idb
a:\github\at-task3\dxtk\x64\debug\pch.obj
a:\github\at-task3\dxtk\x64\debug\game.obj
a:\github\at-task3\dxtk\x64\debug\level.obj
a:\github\at-task3\dxtk\x64\debug\main.obj
a:\github\at-task3\dxtk\x64\debug\sprite.obj
a:\github\at-task3\dxtk\x64\debug\spritefactory.obj
a:\github\at-task3\dxtk\x64\debug\spritehelpers.obj
a:\github\at-task3\x64\debug\dxtk.lib
a:\github\at-task3\x64\debug\dxtk.exp
a:\github\at-task3\x64\debug\dxtk.exe
a:\github\at-task3\x64\debug\dxtk.ilk
a:\github\at-task3\x64\debug\dxtk.pdb
a:\github\at-task3\dxtk\x64\debug\resource.res
a:\github\at-task3\dxtk\x64\debug\dxtk.exe.embed.manifest.res
a:\github\at-task3\dxtk\x64\debug\dxtk.exe.embed.manifest
a:\github\at-task3\dxtk\x64\debug\dxtk_manifest.rc
a:\github\at-task3\dxtk\x64\debug\dxtk.tlog\cl.command.1.tlog
a:\github\at-task3\dxtk\x64\debug\dxtk.tlog\cl.read.1.tlog
a:\github\at-task3\dxtk\x64\debug\dxtk.tlog\cl.write.1.tlog
a:\github\at-task3\dxtk\x64\debug\dxtk.tlog\dxtk.write.1u.tlog
a:\github\at-task3\dxtk\x64\debug\dxtk.tlog\link.command.1.tlog
a:\github\at-task3\dxtk\x64\debug\dxtk.tlog\link.read.1.tlog
a:\github\at-task3\dxtk\x64\debug\dxtk.tlog\link.write.1.tlog
a:\github\at-task3\dxtk\x64\debug\dxtk.tlog\rc.command.1.tlog
a:\github\at-task3\dxtk\x64\debug\dxtk.tlog\rc.read.1.tlog
a:\github\at-task3\dxtk\x64\debug\dxtk.tlog\rc.write.1.tlog
